<?xml version="1.0" encoding="UTF-8"?>
<!-- Generated by org.testng.reporters.JUnitXMLReporter -->
<testsuite ignored="0" hostname="INLEN8520042346" failures="1" tests="3" name="firefox" time="28.766" errors="0" timestamp="2025-07-21T22:09:43 IST">
  <testcase classname="TestNG_DependsOnMethods.Param_Test" name="testLogo" time="10.322">
    <failure type="org.openqa.selenium.NoSuchElementException" message="Unable to locate element: //img[@alt=&amp;apos;company-branding&amp;apos;]
For documentation on this error, please visit: https://www.selenium.dev/documentation/webdriver/troubleshooting/errors#no-such-element-exception
Build info: version: &amp;apos;4.25.0&amp;apos;, revision: &amp;apos;8a8aea2337&amp;apos;
System info: os.name: &amp;apos;Windows 11&amp;apos;, os.arch: &amp;apos;amd64&amp;apos;, os.version: &amp;apos;10.0&amp;apos;, java.version: &amp;apos;17.0.10&amp;apos;
Driver info: org.openqa.selenium.firefox.FirefoxDriver
Command: [ab7f09ea-98aa-4e6e-a9fd-49f634a182f9, findElement {value=//img[@alt=&amp;apos;company-branding&amp;apos;], using=xpath}]
Capabilities {acceptInsecureCerts: true, browserName: firefox, browserVersion: 107.0.1, moz:accessibilityChecks: false, moz:buildID: 20221128144904, moz:debuggerAddress: 127.0.0.1:41700, moz:geckodriverVersion: 0.33.0, moz:headless: false, moz:platformVersion: 10.0, moz:processID: 4300, moz:profile: C:\Users\SDIRISAN\AppData\L..., moz:shutdownTimeout: 60000, moz:useNonSpecCompliantPointerOrigin: false, moz:webdriverClick: true, moz:windowless: false, pageLoadStrategy: normal, platformName: windows, proxy: Proxy(), se:cdp: ws://127.0.0.1:41700/devtoo..., se:cdpVersion: 85.0, setWindowRect: true, strictFileInteractability: false, timeouts: {implicit: 0, pageLoad: 300000, script: 30000}, unhandledPromptBehavior: dismiss and notify}
Session ID: ab7f09ea-98aa-4e6e-a9fd-49f634a182f9">
      <![CDATA[org.openqa.selenium.NoSuchElementException: Unable to locate element: //img[@alt='company-branding']
For documentation on this error, please visit: https://www.selenium.dev/documentation/webdriver/troubleshooting/errors#no-such-element-exception
Build info: version: '4.25.0', revision: '8a8aea2337'
System info: os.name: 'Windows 11', os.arch: 'amd64', os.version: '10.0', java.version: '17.0.10'
Driver info: org.openqa.selenium.firefox.FirefoxDriver
Command: [ab7f09ea-98aa-4e6e-a9fd-49f634a182f9, findElement {value=//img[@alt='company-branding'], using=xpath}]
Capabilities {acceptInsecureCerts: true, browserName: firefox, browserVersion: 107.0.1, moz:accessibilityChecks: false, moz:buildID: 20221128144904, moz:debuggerAddress: 127.0.0.1:41700, moz:geckodriverVersion: 0.33.0, moz:headless: false, moz:platformVersion: 10.0, moz:processID: 4300, moz:profile: C:\Users\SDIRISAN\AppData\L..., moz:shutdownTimeout: 60000, moz:useNonSpecCompliantPointerOrigin: false, moz:webdriverClick: true, moz:windowless: false, pageLoadStrategy: normal, platformName: windows, proxy: Proxy(), se:cdp: ws://127.0.0.1:41700/devtoo..., se:cdpVersion: 85.0, setWindowRect: true, strictFileInteractability: false, timeouts: {implicit: 0, pageLoad: 300000, script: 30000}, unhandledPromptBehavior: dismiss and notify}
Session ID: ab7f09ea-98aa-4e6e-a9fd-49f634a182f9
at org.openqa.selenium.remote.ErrorCodec.decode(ErrorCodec.java:167)
at org.openqa.selenium.remote.codec.w3c.W3CHttpResponseCodec.decode(W3CHttpResponseCodec.java:138)
at org.openqa.selenium.remote.codec.w3c.W3CHttpResponseCodec.decode(W3CHttpResponseCodec.java:50)
at org.openqa.selenium.remote.HttpCommandExecutor.execute(HttpCommandExecutor.java:215)
at org.openqa.selenium.remote.service.DriverCommandExecutor.invokeExecute(DriverCommandExecutor.java:216)
at org.openqa.selenium.remote.service.DriverCommandExecutor.execute(DriverCommandExecutor.java:174)
at org.openqa.selenium.remote.RemoteWebDriver.execute(RemoteWebDriver.java:544)
at org.openqa.selenium.remote.ElementLocation$ElementFinder$2.findElement(ElementLocation.java:165)
at org.openqa.selenium.remote.ElementLocation.findElement(ElementLocation.java:59)
at org.openqa.selenium.remote.RemoteWebDriver.findElement(RemoteWebDriver.java:367)
at org.openqa.selenium.remote.RemoteWebDriver.findElement(RemoteWebDriver.java:361)
at TestNG_DependsOnMethods.Param_Test.testLogo(Param_Test.java:40)
at java.base/java.util.ArrayList.forEach(ArrayList.java:1511)
at java.base/java.util.concurrent.FutureTask.run(FutureTask.java:264)
at java.base/java.util.concurrent.ThreadPoolExecutor.runWorker(ThreadPoolExecutor.java:1136)
at java.base/java.util.concurrent.ThreadPoolExecutor$Worker.run(ThreadPoolExecutor.java:635)
at java.base/java.lang.Thread.run(Thread.java:840)
... Removed 23 stack frames]]>
    </failure>
  </testcase> <!-- testLogo -->
  <testcase classname="TestNG_DependsOnMethods.Param_Test" name="testTitle" time="0.013"/>
  <testcase classname="TestNG_DependsOnMethods.Param_Test" name="testURL" time="0.011"/>
</testsuite> <!-- firefox -->
