<?xml version="1.0" encoding="UTF-8"?>
<!-- Generated by org.testng.reporters.JUnitXMLReporter -->
<testsuite ignored="0" hostname="INLEN8520042346" failures="0" tests="3" name="Test1" time="0.065" errors="0" timestamp="2025-07-20T23:34:46 IST">
  <testcase classname="Sselenium_Testng_Annot.C1" name="abc" time="0.01"/>
  <testcase classname="Sselenium_Testng_Annot.C2" name="xyz" time="0.001"/>
  <testcase classname="Sselenium_Testng_Annot.C3" name="pqr" time="0.001"/>
</testsuite> <!-- Test1 -->
