<?xml version="1.0" encoding="UTF-8"?>
<!-- Generated by org.testng.reporters.JUnitXMLReporter -->
<testsuite ignored="0" hostname="INLEN8520042346" failures="1" tests="3" name="Test" time="13.955" errors="0" timestamp="2025-07-22T13:37:10 IST">
  <testcase classname="x_Listners.OrangeHrm" name="testLogo" time="0.128"/>
  <testcase classname="x_Listners.OrangeHrm" name="testAppUrl" time="0.016">
    <failure type="java.lang.AssertionError" message="expected [https://opensource-demo.orangehrmlive.com/] but found [https://opensource-demo.orangehrmlive.com/web/index.php/auth/login]">
      <![CDATA[java.lang.AssertionError: expected [https://opensource-demo.orangehrmlive.com/] but found [https://opensource-demo.orangehrmlive.com/web/index.php/auth/login]
at x_Listners.OrangeHrm.testAppUrl(OrangeHrm.java:41)
at java.base/java.util.ArrayList.forEach(ArrayList.java:1511)
... Removed 33 stack frames]]>
    </failure>
  </testcase> <!-- testAppUrl -->
  <testcase classname="x_Listners.OrangeHrm" name="testHomePageTitle" time="0.0">
    <skipped/>
  </testcase> <!-- testHomePageTitle -->
</testsuite> <!-- Test -->
