<?xml version="1.0" encoding="UTF-8"?>
<!-- Generated by org.testng.reporters.JUnitXMLReporter -->
<testsuite ignored="0" hostname="INLEN8520042346" failures="0" tests="8" name="groupingTests" time="0.142" errors="0" timestamp="2025-07-21T19:17:59 IST">
  <testcase classname="TestNG_DependsOnMethods.Sign_Up_Test" name="signupbyemail" time="0.021"/>
  <testcase classname="TestNG_DependsOnMethods.Sign_Up_Test" name="signupbyfacebook" time="0.003"/>
  <testcase classname="TestNG_DependsOnMethods.Sign_Up_Test" name="signupbytwitter" time="0.002"/>
  <testcase classname="TestNG_DependsOnMethods.LoginTests" name="loginByEmail" time="0.002"/>
  <testcase classname="TestNG_DependsOnMethods.LoginTests" name="loginByFacebook" time="0.003"/>
  <testcase classname="TestNG_DependsOnMethods.LoginTests" name="loginBytwitter" time="0.002"/>
  <testcase classname="TestNG_DependsOnMethods.Payment_Test" name="paymentinRupees" time="0.003"/>
  <testcase classname="TestNG_DependsOnMethods.Payment_Test" name="paymentinDollars" time="0.001"/>
</testsuite> <!-- groupingTests -->
