<?xml version="1.0" encoding="UTF-8"?>
<testng-results ignored="0" total="7" passed="0" failed="7" skipped="0">
  <reporter-output>
  </reporter-output>
  <suite started-at="2025-09-29T23:00:54 IST" name="Default suite" finished-at="2025-09-29T23:00:56 IST" duration-ms="1816">
    <groups>
      <group name="cucumber">
        <method signature="AbstractTestNGCucumberTests.runScenario(io.cucumber.testng.PickleWrapper,io.cucumber.testng.FeatureWrapper)[pri:0, instance:cucumberOptions.TestNGRunner@7494f96a]" name="runScenario" class="io.cucumber.testng.AbstractTestNGCucumberTests"/>
      </group> <!-- cucumber -->
    </groups>
    <test started-at="2025-09-29T23:00:54 IST" name="Default test" finished-at="2025-09-29T23:00:56 IST" duration-ms="1816">
      <class name="cucumberOptions.TestNGRunner">
        <test-method is-config="true" signature="setUpClass(org.testng.ITestContext)[pri:0, instance:cucumberOptions.TestNGRunner@7494f96a]" started-at="2025-09-29T23:00:55 IST" name="setUpClass" finished-at="2025-09-29T23:00:56 IST" duration-ms="1326" status="PASS">
          <params>
            <param index="0">
              <value>
                <![CDATA[org.testng.TestRunner@1cefc4b3]]>
              </value>
            </param>
          </params>
          <reporter-output>
          </reporter-output>
        </test-method> <!-- setUpClass -->
        <test-method signature="runScenario(io.cucumber.testng.PickleWrapper,io.cucumber.testng.FeatureWrapper)[pri:0, instance:cucumberOptions.TestNGRunner@7494f96a]" started-at="2025-09-29T23:00:56 IST" name="runScenario" description="Runs Cucumber Scenarios" data-provider="scenarios" finished-at="2025-09-29T23:00:56 IST" duration-ms="221" status="FAIL">
          <params>
            <param index="0">
              <value>
                <![CDATA["Admin Page default login"]]>
              </value>
            </param>
            <param index="1">
              <value>
                <![CDATA["Application Login"]]>
              </value>
            </param>
          </params>
          <exception class="io.cucumber.testng.UndefinedStepException">
            <message>
              <![CDATA[The step 'setup the entries in database' and 6 other step(s) are undefined.
You can implement these steps using the snippet(s) below:

@Given("setup the entries in database")
public void setup_the_entries_in_database() {
    // Write code here that turns the phrase above into concrete actions
    throw new io.cucumber.java.PendingException();
}
@When("launch the browser from config variables")
public void launch_the_browser_from_config_variables() {
    // Write code here that turns the phrase above into concrete actions
    throw new io.cucumber.java.PendingException();
}
@When("hit the home page url of banking site")
public void hit_the_home_page_url_of_banking_site() {
    // Write code here that turns the phrase above into concrete actions
    throw new io.cucumber.java.PendingException();
}
@Given("User is on NetBanking landing page")
public void user_is_on_net_banking_landing_page() {
    // Write code here that turns the phrase above into concrete actions
    throw new io.cucumber.java.PendingException();
}
@When("User login into application with {string} and password {string}")
public void user_login_into_application_with_and_password(String string, String string2) {
    // Write code here that turns the phrase above into concrete actions
    throw new io.cucumber.java.PendingException();
}
@Then("Home Page is displayed")
public void home_page_is_displayed() {
    // Write code here that turns the phrase above into concrete actions
    throw new io.cucumber.java.PendingException();
}
@Then("Cards are displayed")
public void cards_are_displayed() {
    // Write code here that turns the phrase above into concrete actions
    throw new io.cucumber.java.PendingException();
}
]]>
            </message>
            <full-stacktrace>
              <![CDATA[io.cucumber.testng.UndefinedStepException: The step 'setup the entries in database' and 6 other step(s) are undefined.
You can implement these steps using the snippet(s) below:

@Given("setup the entries in database")
public void setup_the_entries_in_database() {
    // Write code here that turns the phrase above into concrete actions
    throw new io.cucumber.java.PendingException();
}
@When("launch the browser from config variables")
public void launch_the_browser_from_config_variables() {
    // Write code here that turns the phrase above into concrete actions
    throw new io.cucumber.java.PendingException();
}
@When("hit the home page url of banking site")
public void hit_the_home_page_url_of_banking_site() {
    // Write code here that turns the phrase above into concrete actions
    throw new io.cucumber.java.PendingException();
}
@Given("User is on NetBanking landing page")
public void user_is_on_net_banking_landing_page() {
    // Write code here that turns the phrase above into concrete actions
    throw new io.cucumber.java.PendingException();
}
@When("User login into application with {string} and password {string}")
public void user_login_into_application_with_and_password(String string, String string2) {
    // Write code here that turns the phrase above into concrete actions
    throw new io.cucumber.java.PendingException();
}
@Then("Home Page is displayed")
public void home_page_is_displayed() {
    // Write code here that turns the phrase above into concrete actions
    throw new io.cucumber.java.PendingException();
}
@Then("Cards are displayed")
public void cards_are_displayed() {
    // Write code here that turns the phrase above into concrete actions
    throw new io.cucumber.java.PendingException();
}

at ✽.setup the entries in database(file:///C:/Automation/cucumber/src/test/java/features/firstProgram.feature:6)
]]>
            </full-stacktrace>
          </exception> <!-- io.cucumber.testng.UndefinedStepException -->
          <reporter-output>
          </reporter-output>
        </test-method> <!-- runScenario -->
        <test-method signature="runScenario(io.cucumber.testng.PickleWrapper,io.cucumber.testng.FeatureWrapper)[pri:0, instance:cucumberOptions.TestNGRunner@7494f96a]" started-at="2025-09-29T23:00:56 IST" name="runScenario" description="Runs Cucumber Scenarios" data-provider="scenarios" finished-at="2025-09-29T23:00:56 IST" duration-ms="19" status="FAIL">
          <params>
            <param index="0">
              <value>
                <![CDATA["Mortgage User Page default login"]]>
              </value>
            </param>
            <param index="1">
              <value>
                <![CDATA["Application Login"]]>
              </value>
            </param>
          </params>
          <exception class="io.cucumber.testng.UndefinedStepException">
            <message>
              <![CDATA[The step 'setup the entries in database' and 6 other step(s) are undefined.
You can implement these steps using the snippet(s) below:

@Given("setup the entries in database")
public void setup_the_entries_in_database() {
    // Write code here that turns the phrase above into concrete actions
    throw new io.cucumber.java.PendingException();
}
@When("launch the browser from config variables")
public void launch_the_browser_from_config_variables() {
    // Write code here that turns the phrase above into concrete actions
    throw new io.cucumber.java.PendingException();
}
@When("hit the home page url of banking site")
public void hit_the_home_page_url_of_banking_site() {
    // Write code here that turns the phrase above into concrete actions
    throw new io.cucumber.java.PendingException();
}
@Given("User is on NetBanking landing page")
public void user_is_on_net_banking_landing_page() {
    // Write code here that turns the phrase above into concrete actions
    throw new io.cucumber.java.PendingException();
}
@When("User login into application with {string} and password {string}")
public void user_login_into_application_with_and_password(String string, String string2) {
    // Write code here that turns the phrase above into concrete actions
    throw new io.cucumber.java.PendingException();
}
@Then("Home Page is displayed")
public void home_page_is_displayed() {
    // Write code here that turns the phrase above into concrete actions
    throw new io.cucumber.java.PendingException();
}
@Then("Cards are displayed")
public void cards_are_displayed() {
    // Write code here that turns the phrase above into concrete actions
    throw new io.cucumber.java.PendingException();
}
]]>
            </message>
            <full-stacktrace>
              <![CDATA[io.cucumber.testng.UndefinedStepException: The step 'setup the entries in database' and 6 other step(s) are undefined.
You can implement these steps using the snippet(s) below:

@Given("setup the entries in database")
public void setup_the_entries_in_database() {
    // Write code here that turns the phrase above into concrete actions
    throw new io.cucumber.java.PendingException();
}
@When("launch the browser from config variables")
public void launch_the_browser_from_config_variables() {
    // Write code here that turns the phrase above into concrete actions
    throw new io.cucumber.java.PendingException();
}
@When("hit the home page url of banking site")
public void hit_the_home_page_url_of_banking_site() {
    // Write code here that turns the phrase above into concrete actions
    throw new io.cucumber.java.PendingException();
}
@Given("User is on NetBanking landing page")
public void user_is_on_net_banking_landing_page() {
    // Write code here that turns the phrase above into concrete actions
    throw new io.cucumber.java.PendingException();
}
@When("User login into application with {string} and password {string}")
public void user_login_into_application_with_and_password(String string, String string2) {
    // Write code here that turns the phrase above into concrete actions
    throw new io.cucumber.java.PendingException();
}
@Then("Home Page is displayed")
public void home_page_is_displayed() {
    // Write code here that turns the phrase above into concrete actions
    throw new io.cucumber.java.PendingException();
}
@Then("Cards are displayed")
public void cards_are_displayed() {
    // Write code here that turns the phrase above into concrete actions
    throw new io.cucumber.java.PendingException();
}

at ✽.setup the entries in database(file:///C:/Automation/cucumber/src/test/java/features/firstProgram.feature:6)
]]>
            </full-stacktrace>
          </exception> <!-- io.cucumber.testng.UndefinedStepException -->
          <reporter-output>
          </reporter-output>
        </test-method> <!-- runScenario -->
        <test-method signature="runScenario(io.cucumber.testng.PickleWrapper,io.cucumber.testng.FeatureWrapper)[pri:0, instance:cucumberOptions.TestNGRunner@7494f96a]" started-at="2025-09-29T23:00:56 IST" name="runScenario" description="Runs Cucumber Scenarios" data-provider="scenarios" finished-at="2025-09-29T23:00:56 IST" duration-ms="13" status="FAIL">
          <params>
            <param index="0">
              <value>
                <![CDATA["Mortgage User Page default login"]]>
              </value>
            </param>
            <param index="1">
              <value>
                <![CDATA["Application Login"]]>
              </value>
            </param>
          </params>
          <exception class="io.cucumber.testng.UndefinedStepException">
            <message>
              <![CDATA[The step 'setup the entries in database' and 6 other step(s) are undefined.
You can implement these steps using the snippet(s) below:

@Given("setup the entries in database")
public void setup_the_entries_in_database() {
    // Write code here that turns the phrase above into concrete actions
    throw new io.cucumber.java.PendingException();
}
@When("launch the browser from config variables")
public void launch_the_browser_from_config_variables() {
    // Write code here that turns the phrase above into concrete actions
    throw new io.cucumber.java.PendingException();
}
@When("hit the home page url of banking site")
public void hit_the_home_page_url_of_banking_site() {
    // Write code here that turns the phrase above into concrete actions
    throw new io.cucumber.java.PendingException();
}
@Given("User is on NetBanking landing page")
public void user_is_on_net_banking_landing_page() {
    // Write code here that turns the phrase above into concrete actions
    throw new io.cucumber.java.PendingException();
}
@When("User login into application with {string} and password {string}")
public void user_login_into_application_with_and_password(String string, String string2) {
    // Write code here that turns the phrase above into concrete actions
    throw new io.cucumber.java.PendingException();
}
@Then("Home Page is displayed")
public void home_page_is_displayed() {
    // Write code here that turns the phrase above into concrete actions
    throw new io.cucumber.java.PendingException();
}
@Then("Cards are displayed")
public void cards_are_displayed() {
    // Write code here that turns the phrase above into concrete actions
    throw new io.cucumber.java.PendingException();
}
]]>
            </message>
            <full-stacktrace>
              <![CDATA[io.cucumber.testng.UndefinedStepException: The step 'setup the entries in database' and 6 other step(s) are undefined.
You can implement these steps using the snippet(s) below:

@Given("setup the entries in database")
public void setup_the_entries_in_database() {
    // Write code here that turns the phrase above into concrete actions
    throw new io.cucumber.java.PendingException();
}
@When("launch the browser from config variables")
public void launch_the_browser_from_config_variables() {
    // Write code here that turns the phrase above into concrete actions
    throw new io.cucumber.java.PendingException();
}
@When("hit the home page url of banking site")
public void hit_the_home_page_url_of_banking_site() {
    // Write code here that turns the phrase above into concrete actions
    throw new io.cucumber.java.PendingException();
}
@Given("User is on NetBanking landing page")
public void user_is_on_net_banking_landing_page() {
    // Write code here that turns the phrase above into concrete actions
    throw new io.cucumber.java.PendingException();
}
@When("User login into application with {string} and password {string}")
public void user_login_into_application_with_and_password(String string, String string2) {
    // Write code here that turns the phrase above into concrete actions
    throw new io.cucumber.java.PendingException();
}
@Then("Home Page is displayed")
public void home_page_is_displayed() {
    // Write code here that turns the phrase above into concrete actions
    throw new io.cucumber.java.PendingException();
}
@Then("Cards are displayed")
public void cards_are_displayed() {
    // Write code here that turns the phrase above into concrete actions
    throw new io.cucumber.java.PendingException();
}

at ✽.setup the entries in database(file:///C:/Automation/cucumber/src/test/java/features/firstProgram.feature:6)
]]>
            </full-stacktrace>
          </exception> <!-- io.cucumber.testng.UndefinedStepException -->
          <reporter-output>
          </reporter-output>
        </test-method> <!-- runScenario -->
        <test-method signature="runScenario(io.cucumber.testng.PickleWrapper,io.cucumber.testng.FeatureWrapper)[pri:0, instance:cucumberOptions.TestNGRunner@7494f96a]" started-at="2025-09-29T23:00:56 IST" name="runScenario" description="Runs Cucumber Scenarios" data-provider="scenarios" finished-at="2025-09-29T23:00:56 IST" duration-ms="20" status="FAIL">
          <params>
            <param index="0">
              <value>
                <![CDATA["User Page default Sign up"]]>
              </value>
            </param>
            <param index="1">
              <value>
                <![CDATA["Application Login"]]>
              </value>
            </param>
          </params>
          <exception class="io.cucumber.testng.UndefinedStepException">
            <message>
              <![CDATA[The step 'setup the entries in database' and 6 other step(s) are undefined.
You can implement these steps using the snippet(s) below:

@Given("setup the entries in database")
public void setup_the_entries_in_database() {
    // Write code here that turns the phrase above into concrete actions
    throw new io.cucumber.java.PendingException();
}
@When("launch the browser from config variables")
public void launch_the_browser_from_config_variables() {
    // Write code here that turns the phrase above into concrete actions
    throw new io.cucumber.java.PendingException();
}
@When("hit the home page url of banking site")
public void hit_the_home_page_url_of_banking_site() {
    // Write code here that turns the phrase above into concrete actions
    throw new io.cucumber.java.PendingException();
}
@Given("User is on Practice landing page")
public void user_is_on_practice_landing_page() {
    // Write code here that turns the phrase above into concrete actions
    throw new io.cucumber.java.PendingException();
}
@When("User Signup into application")
public void user_signup_into_application(io.cucumber.datatable.DataTable dataTable) {
    // Write code here that turns the phrase above into concrete actions
    // For automatic transformation, change DataTable to one of
    // E, List<E>, List<List<E>>, List<Map<K,V>>, Map<K,V> or
    // Map<K, List<V>>. E,K,V must be a String, Integer, Float,
    // Double, Byte, Short, Long, BigInteger or BigDecimal.
    //
    // For other transformations you can register a DataTableType.
    throw new io.cucumber.java.PendingException();
}
@Then("Home Page is displayed")
public void home_page_is_displayed() {
    // Write code here that turns the phrase above into concrete actions
    throw new io.cucumber.java.PendingException();
}
@Then("Cards are displayed")
public void cards_are_displayed() {
    // Write code here that turns the phrase above into concrete actions
    throw new io.cucumber.java.PendingException();
}
]]>
            </message>
            <full-stacktrace>
              <![CDATA[io.cucumber.testng.UndefinedStepException: The step 'setup the entries in database' and 6 other step(s) are undefined.
You can implement these steps using the snippet(s) below:

@Given("setup the entries in database")
public void setup_the_entries_in_database() {
    // Write code here that turns the phrase above into concrete actions
    throw new io.cucumber.java.PendingException();
}
@When("launch the browser from config variables")
public void launch_the_browser_from_config_variables() {
    // Write code here that turns the phrase above into concrete actions
    throw new io.cucumber.java.PendingException();
}
@When("hit the home page url of banking site")
public void hit_the_home_page_url_of_banking_site() {
    // Write code here that turns the phrase above into concrete actions
    throw new io.cucumber.java.PendingException();
}
@Given("User is on Practice landing page")
public void user_is_on_practice_landing_page() {
    // Write code here that turns the phrase above into concrete actions
    throw new io.cucumber.java.PendingException();
}
@When("User Signup into application")
public void user_signup_into_application(io.cucumber.datatable.DataTable dataTable) {
    // Write code here that turns the phrase above into concrete actions
    // For automatic transformation, change DataTable to one of
    // E, List<E>, List<List<E>>, List<Map<K,V>>, Map<K,V> or
    // Map<K, List<V>>. E,K,V must be a String, Integer, Float,
    // Double, Byte, Short, Long, BigInteger or BigDecimal.
    //
    // For other transformations you can register a DataTableType.
    throw new io.cucumber.java.PendingException();
}
@Then("Home Page is displayed")
public void home_page_is_displayed() {
    // Write code here that turns the phrase above into concrete actions
    throw new io.cucumber.java.PendingException();
}
@Then("Cards are displayed")
public void cards_are_displayed() {
    // Write code here that turns the phrase above into concrete actions
    throw new io.cucumber.java.PendingException();
}

at ✽.setup the entries in database(file:///C:/Automation/cucumber/src/test/java/features/firstProgram.feature:6)
]]>
            </full-stacktrace>
          </exception> <!-- io.cucumber.testng.UndefinedStepException -->
          <reporter-output>
          </reporter-output>
        </test-method> <!-- runScenario -->
        <test-method signature="runScenario(io.cucumber.testng.PickleWrapper,io.cucumber.testng.FeatureWrapper)[pri:0, instance:cucumberOptions.TestNGRunner@7494f96a]" started-at="2025-09-29T23:00:56 IST" name="runScenario" description="Runs Cucumber Scenarios" data-provider="scenarios" finished-at="2025-09-29T23:00:56 IST" duration-ms="11" status="FAIL">
          <params>
            <param index="0">
              <value>
                <![CDATA["User Page default login"]]>
              </value>
            </param>
            <param index="1">
              <value>
                <![CDATA["Application Login"]]>
              </value>
            </param>
          </params>
          <exception class="io.cucumber.testng.UndefinedStepException">
            <message>
              <![CDATA[The step 'launch the browser from config variables' and 5 other step(s) are undefined.
You can implement these steps using the snippet(s) below:

@When("launch the browser from config variables")
public void launch_the_browser_from_config_variables() {
    // Write code here that turns the phrase above into concrete actions
    throw new io.cucumber.java.PendingException();
}
@When("hit the home page url of banking site")
public void hit_the_home_page_url_of_banking_site() {
    // Write code here that turns the phrase above into concrete actions
    throw new io.cucumber.java.PendingException();
}
@Given("User is on NetBanking landing page")
public void user_is_on_net_banking_landing_page() {
    // Write code here that turns the phrase above into concrete actions
    throw new io.cucumber.java.PendingException();
}
@When("User login into application with {string} and password {int}")
public void user_login_into_application_with_and_password(String string, Integer int1) {
    // Write code here that turns the phrase above into concrete actions
    throw new io.cucumber.java.PendingException();
}
@Then("Home Page is displayed")
public void home_page_is_displayed() {
    // Write code here that turns the phrase above into concrete actions
    throw new io.cucumber.java.PendingException();
}
@Then("Cards are displayed")
public void cards_are_displayed() {
    // Write code here that turns the phrase above into concrete actions
    throw new io.cucumber.java.PendingException();
}
]]>
            </message>
            <full-stacktrace>
              <![CDATA[io.cucumber.testng.UndefinedStepException: The step 'launch the browser from config variables' and 5 other step(s) are undefined.
You can implement these steps using the snippet(s) below:

@When("launch the browser from config variables")
public void launch_the_browser_from_config_variables() {
    // Write code here that turns the phrase above into concrete actions
    throw new io.cucumber.java.PendingException();
}
@When("hit the home page url of banking site")
public void hit_the_home_page_url_of_banking_site() {
    // Write code here that turns the phrase above into concrete actions
    throw new io.cucumber.java.PendingException();
}
@Given("User is on NetBanking landing page")
public void user_is_on_net_banking_landing_page() {
    // Write code here that turns the phrase above into concrete actions
    throw new io.cucumber.java.PendingException();
}
@When("User login into application with {string} and password {int}")
public void user_login_into_application_with_and_password(String string, Integer int1) {
    // Write code here that turns the phrase above into concrete actions
    throw new io.cucumber.java.PendingException();
}
@Then("Home Page is displayed")
public void home_page_is_displayed() {
    // Write code here that turns the phrase above into concrete actions
    throw new io.cucumber.java.PendingException();
}
@Then("Cards are displayed")
public void cards_are_displayed() {
    // Write code here that turns the phrase above into concrete actions
    throw new io.cucumber.java.PendingException();
}

at ✽.launch the browser from config variables(file:///C:/Automation/cucumber/src/test/java/features/secondProgram.feature:6)
]]>
            </full-stacktrace>
          </exception> <!-- io.cucumber.testng.UndefinedStepException -->
          <reporter-output>
          </reporter-output>
        </test-method> <!-- runScenario -->
        <test-method signature="runScenario(io.cucumber.testng.PickleWrapper,io.cucumber.testng.FeatureWrapper)[pri:0, instance:cucumberOptions.TestNGRunner@7494f96a]" started-at="2025-09-29T23:00:56 IST" name="runScenario" description="Runs Cucumber Scenarios" data-provider="scenarios" finished-at="2025-09-29T23:00:56 IST" duration-ms="9" status="FAIL">
          <params>
            <param index="0">
              <value>
                <![CDATA["Mortgage User Page default login"]]>
              </value>
            </param>
            <param index="1">
              <value>
                <![CDATA["Application Login"]]>
              </value>
            </param>
          </params>
          <exception class="io.cucumber.testng.UndefinedStepException">
            <message>
              <![CDATA[The step 'launch the browser from config variables' and 5 other step(s) are undefined.
You can implement these steps using the snippet(s) below:

@When("launch the browser from config variables")
public void launch_the_browser_from_config_variables() {
    // Write code here that turns the phrase above into concrete actions
    throw new io.cucumber.java.PendingException();
}
@When("hit the home page url of banking site")
public void hit_the_home_page_url_of_banking_site() {
    // Write code here that turns the phrase above into concrete actions
    throw new io.cucumber.java.PendingException();
}
@Given("User is on NetBanking landing page")
public void user_is_on_net_banking_landing_page() {
    // Write code here that turns the phrase above into concrete actions
    throw new io.cucumber.java.PendingException();
}
@When("User login into application with {string} and password {string}")
public void user_login_into_application_with_and_password(String string, String string2) {
    // Write code here that turns the phrase above into concrete actions
    throw new io.cucumber.java.PendingException();
}
@Then("Home Page is displayed")
public void home_page_is_displayed() {
    // Write code here that turns the phrase above into concrete actions
    throw new io.cucumber.java.PendingException();
}
@Then("Cards are displayed")
public void cards_are_displayed() {
    // Write code here that turns the phrase above into concrete actions
    throw new io.cucumber.java.PendingException();
}
]]>
            </message>
            <full-stacktrace>
              <![CDATA[io.cucumber.testng.UndefinedStepException: The step 'launch the browser from config variables' and 5 other step(s) are undefined.
You can implement these steps using the snippet(s) below:

@When("launch the browser from config variables")
public void launch_the_browser_from_config_variables() {
    // Write code here that turns the phrase above into concrete actions
    throw new io.cucumber.java.PendingException();
}
@When("hit the home page url of banking site")
public void hit_the_home_page_url_of_banking_site() {
    // Write code here that turns the phrase above into concrete actions
    throw new io.cucumber.java.PendingException();
}
@Given("User is on NetBanking landing page")
public void user_is_on_net_banking_landing_page() {
    // Write code here that turns the phrase above into concrete actions
    throw new io.cucumber.java.PendingException();
}
@When("User login into application with {string} and password {string}")
public void user_login_into_application_with_and_password(String string, String string2) {
    // Write code here that turns the phrase above into concrete actions
    throw new io.cucumber.java.PendingException();
}
@Then("Home Page is displayed")
public void home_page_is_displayed() {
    // Write code here that turns the phrase above into concrete actions
    throw new io.cucumber.java.PendingException();
}
@Then("Cards are displayed")
public void cards_are_displayed() {
    // Write code here that turns the phrase above into concrete actions
    throw new io.cucumber.java.PendingException();
}

at ✽.launch the browser from config variables(file:///C:/Automation/cucumber/src/test/java/features/secondProgram.feature:6)
]]>
            </full-stacktrace>
          </exception> <!-- io.cucumber.testng.UndefinedStepException -->
          <reporter-output>
          </reporter-output>
        </test-method> <!-- runScenario -->
        <test-method signature="runScenario(io.cucumber.testng.PickleWrapper,io.cucumber.testng.FeatureWrapper)[pri:0, instance:cucumberOptions.TestNGRunner@7494f96a]" started-at="2025-09-29T23:00:56 IST" name="runScenario" description="Runs Cucumber Scenarios" data-provider="scenarios" finished-at="2025-09-29T23:00:56 IST" duration-ms="11" status="FAIL">
          <params>
            <param index="0">
              <value>
                <![CDATA["Mortgage User Page default login"]]>
              </value>
            </param>
            <param index="1">
              <value>
                <![CDATA["Application Login"]]>
              </value>
            </param>
          </params>
          <exception class="io.cucumber.testng.UndefinedStepException">
            <message>
              <![CDATA[The step 'launch the browser from config variables' and 5 other step(s) are undefined.
You can implement these steps using the snippet(s) below:

@When("launch the browser from config variables")
public void launch_the_browser_from_config_variables() {
    // Write code here that turns the phrase above into concrete actions
    throw new io.cucumber.java.PendingException();
}
@When("hit the home page url of banking site")
public void hit_the_home_page_url_of_banking_site() {
    // Write code here that turns the phrase above into concrete actions
    throw new io.cucumber.java.PendingException();
}
@Given("User is on NetBanking landing page")
public void user_is_on_net_banking_landing_page() {
    // Write code here that turns the phrase above into concrete actions
    throw new io.cucumber.java.PendingException();
}
@When("User login into application with {string} and password {string}")
public void user_login_into_application_with_and_password(String string, String string2) {
    // Write code here that turns the phrase above into concrete actions
    throw new io.cucumber.java.PendingException();
}
@Then("Home Page is displayed")
public void home_page_is_displayed() {
    // Write code here that turns the phrase above into concrete actions
    throw new io.cucumber.java.PendingException();
}
@Then("Cards are displayed")
public void cards_are_displayed() {
    // Write code here that turns the phrase above into concrete actions
    throw new io.cucumber.java.PendingException();
}
]]>
            </message>
            <full-stacktrace>
              <![CDATA[io.cucumber.testng.UndefinedStepException: The step 'launch the browser from config variables' and 5 other step(s) are undefined.
You can implement these steps using the snippet(s) below:

@When("launch the browser from config variables")
public void launch_the_browser_from_config_variables() {
    // Write code here that turns the phrase above into concrete actions
    throw new io.cucumber.java.PendingException();
}
@When("hit the home page url of banking site")
public void hit_the_home_page_url_of_banking_site() {
    // Write code here that turns the phrase above into concrete actions
    throw new io.cucumber.java.PendingException();
}
@Given("User is on NetBanking landing page")
public void user_is_on_net_banking_landing_page() {
    // Write code here that turns the phrase above into concrete actions
    throw new io.cucumber.java.PendingException();
}
@When("User login into application with {string} and password {string}")
public void user_login_into_application_with_and_password(String string, String string2) {
    // Write code here that turns the phrase above into concrete actions
    throw new io.cucumber.java.PendingException();
}
@Then("Home Page is displayed")
public void home_page_is_displayed() {
    // Write code here that turns the phrase above into concrete actions
    throw new io.cucumber.java.PendingException();
}
@Then("Cards are displayed")
public void cards_are_displayed() {
    // Write code here that turns the phrase above into concrete actions
    throw new io.cucumber.java.PendingException();
}

at ✽.launch the browser from config variables(file:///C:/Automation/cucumber/src/test/java/features/secondProgram.feature:6)
]]>
            </full-stacktrace>
          </exception> <!-- io.cucumber.testng.UndefinedStepException -->
          <reporter-output>
          </reporter-output>
        </test-method> <!-- runScenario -->
        <test-method is-config="true" signature="tearDownClass()[pri:0, instance:cucumberOptions.TestNGRunner@7494f96a]" started-at="2025-09-29T23:00:56 IST" name="tearDownClass" finished-at="2025-09-29T23:00:56 IST" duration-ms="65" status="PASS">
          <reporter-output>
          </reporter-output>
        </test-method> <!-- tearDownClass -->
      </class> <!-- cucumberOptions.TestNGRunner -->
    </test> <!-- Default test -->
  </suite> <!-- Default suite -->
</testng-results>
