<?xml version="1.0" encoding="UTF-8"?>
<testng-results ignored="0" total="2" passed="0" failed="2" skipped="0">
  <reporter-output>
  </reporter-output>
  <suite started-at="2025-07-23T23:30:02 IST" name="Default suite" finished-at="2025-07-23T23:30:04 IST" duration-ms="1224">
    <groups>
      <group name="cucumber">
        <method signature="AbstractTestNGCucumberTests.runScenario(io.cucumber.testng.PickleWrapper,io.cucumber.testng.FeatureWrapper)[pri:0, instance:TestRunner.TestRunner@38cee291]" name="runScenario" class="io.cucumber.testng.AbstractTestNGCucumberTests"/>
      </group> <!-- cucumber -->
    </groups>
    <test started-at="2025-07-23T23:30:02 IST" name="Default test" finished-at="2025-07-23T23:30:04 IST" duration-ms="1224">
      <class name="TestRunner.TestRunner">
        <test-method is-config="true" signature="setUpClass(org.testng.ITestContext)[pri:0, instance:TestRunner.TestRunner@38cee291]" started-at="2025-07-23T23:30:02 IST" name="setUpClass" finished-at="2025-07-23T23:30:03 IST" duration-ms="924" status="PASS">
          <params>
            <param index="0">
              <value>
                <![CDATA[org.testng.TestRunner@2e8ab815]]>
              </value>
            </param>
          </params>
          <reporter-output>
          </reporter-output>
        </test-method> <!-- setUpClass -->
        <test-method signature="runScenario(io.cucumber.testng.PickleWrapper,io.cucumber.testng.FeatureWrapper)[pri:0, instance:TestRunner.TestRunner@38cee291]" started-at="2025-07-23T23:30:03 IST" name="runScenario" description="Runs Cucumber Scenarios" data-provider="scenarios" finished-at="2025-07-23T23:30:04 IST" duration-ms="182" status="FAIL">
          <params>
            <param index="0">
              <value>
                <![CDATA["Successful login"]]>
              </value>
            </param>
            <param index="1">
              <value>
                <![CDATA["Login functionality"]]>
              </value>
            </param>
          </params>
          <exception class="io.cucumber.testng.UndefinedStepException">
            <message>
              <![CDATA[The step 'the user is on the login page' and 2 other step(s) are undefined.
You can implement these steps using the snippet(s) below:

@Given("the user is on the login page")
public void the_user_is_on_the_login_page() {
    // Write code here that turns the phrase above into concrete actions
    throw new io.cucumber.java.PendingException();
}
@When("the user enters valid username and password")
public void the_user_enters_valid_username_and_password() {
    // Write code here that turns the phrase above into concrete actions
    throw new io.cucumber.java.PendingException();
}
@Then("they should be redirected to the dashboard")
public void they_should_be_redirected_to_the_dashboard() {
    // Write code here that turns the phrase above into concrete actions
    throw new io.cucumber.java.PendingException();
}
]]>
            </message>
            <full-stacktrace>
              <![CDATA[io.cucumber.testng.UndefinedStepException: The step 'the user is on the login page' and 2 other step(s) are undefined.
You can implement these steps using the snippet(s) below:

@Given("the user is on the login page")
public void the_user_is_on_the_login_page() {
    // Write code here that turns the phrase above into concrete actions
    throw new io.cucumber.java.PendingException();
}
@When("the user enters valid username and password")
public void the_user_enters_valid_username_and_password() {
    // Write code here that turns the phrase above into concrete actions
    throw new io.cucumber.java.PendingException();
}
@Then("they should be redirected to the dashboard")
public void they_should_be_redirected_to_the_dashboard() {
    // Write code here that turns the phrase above into concrete actions
    throw new io.cucumber.java.PendingException();
}

at ✽.the user is on the login page(file:///C:/Automation/MavenProjectDemo/src/test/resources/login.feature:4)
]]>
            </full-stacktrace>
          </exception> <!-- io.cucumber.testng.UndefinedStepException -->
          <reporter-output>
          </reporter-output>
        </test-method> <!-- runScenario -->
        <test-method signature="runScenario(io.cucumber.testng.PickleWrapper,io.cucumber.testng.FeatureWrapper)[pri:0, instance:TestRunner.TestRunner@38cee291]" started-at="2025-07-23T23:30:03 IST" name="runScenario" description="Runs Cucumber Scenarios" data-provider="scenarios" finished-at="2025-07-23T23:30:04 IST" duration-ms="176" status="FAIL">
          <params>
            <param index="0">
              <value>
                <![CDATA["Failed login due to incorrect password"]]>
              </value>
            </param>
            <param index="1">
              <value>
                <![CDATA["Login functionality"]]>
              </value>
            </param>
          </params>
          <exception class="io.cucumber.testng.UndefinedStepException">
            <message>
              <![CDATA[The step 'the user is on the login page' and 2 other step(s) are undefined.
You can implement these steps using the snippet(s) below:

@Given("the user is on the login page")
public void the_user_is_on_the_login_page() {
    // Write code here that turns the phrase above into concrete actions
    throw new io.cucumber.java.PendingException();
}
@When("the user enters a valid username and an incorrect password")
public void the_user_enters_a_valid_username_and_an_incorrect_password() {
    // Write code here that turns the phrase above into concrete actions
    throw new io.cucumber.java.PendingException();
}
@Then("they should see an error message")
public void they_should_see_an_error_message() {
    // Write code here that turns the phrase above into concrete actions
    throw new io.cucumber.java.PendingException();
}
]]>
            </message>
            <full-stacktrace>
              <![CDATA[io.cucumber.testng.UndefinedStepException: The step 'the user is on the login page' and 2 other step(s) are undefined.
You can implement these steps using the snippet(s) below:

@Given("the user is on the login page")
public void the_user_is_on_the_login_page() {
    // Write code here that turns the phrase above into concrete actions
    throw new io.cucumber.java.PendingException();
}
@When("the user enters a valid username and an incorrect password")
public void the_user_enters_a_valid_username_and_an_incorrect_password() {
    // Write code here that turns the phrase above into concrete actions
    throw new io.cucumber.java.PendingException();
}
@Then("they should see an error message")
public void they_should_see_an_error_message() {
    // Write code here that turns the phrase above into concrete actions
    throw new io.cucumber.java.PendingException();
}

at ✽.the user is on the login page(file:///C:/Automation/MavenProjectDemo/src/test/resources/login.feature:9)
]]>
            </full-stacktrace>
          </exception> <!-- io.cucumber.testng.UndefinedStepException -->
          <reporter-output>
          </reporter-output>
        </test-method> <!-- runScenario -->
        <test-method is-config="true" signature="tearDownClass()[pri:0, instance:TestRunner.TestRunner@38cee291]" started-at="2025-07-23T23:30:04 IST" name="tearDownClass" finished-at="2025-07-23T23:30:04 IST" duration-ms="38" status="PASS">
          <reporter-output>
          </reporter-output>
        </test-method> <!-- tearDownClass -->
      </class> <!-- TestRunner.TestRunner -->
    </test> <!-- Default test -->
  </suite> <!-- Default suite -->
</testng-results>
