<?xml version="1.0" encoding="UTF-8"?>
<!-- Generated by org.testng.reporters.JUnitReportReporter -->
<testsuite hostname="INLEN8520042346" failures="0" tests="4" name="Sselenium_TestNG.HrmOrange" time="13.805" errors="0" timestamp="2025-07-20T17:40:26 IST" skipped="0">
  <testcase classname="Sselenium_TestNG.HrmOrange" name="f" time="10.115"/>
  <system-out/>
  <testcase classname="Sselenium_TestNG.HrmOrange" name="testLogo" time="3.085"/>
  <system-out/>
  <testcase classname="Sselenium_TestNG.HrmOrange" name="testLogin" time="0.357"/>
  <system-out/>
  <testcase classname="Sselenium_TestNG.HrmOrange" name="closeapp" time="0.248"/>
  <system-out/>
</testsuite> <!-- Sselenium_TestNG.HrmOrange -->
