<?xml version="1.0" encoding="UTF-8"?>
<!-- Generated by org.testng.reporters.JUnitReportReporter -->
<testsuite hostname="INLEN8520042346" failures="0" tests="3" name="TestNG_DependsOnMethods.LoginTests" time="0.007" errors="0" timestamp="2025-07-21T19:17:59 IST" skipped="0">
  <testcase classname="TestNG_DependsOnMethods.LoginTests" name="loginByEmail" time="0.002"/>
  <system-out/>
  <testcase classname="TestNG_DependsOnMethods.LoginTests" name="loginByFacebook" time="0.003"/>
  <system-out/>
  <testcase classname="TestNG_DependsOnMethods.LoginTests" name="loginBytwitter" time="0.002"/>
  <system-out/>
</testsuite> <!-- TestNG_DependsOnMethods.LoginTests -->
