<?xml version="1.0" encoding="UTF-8"?>
<!-- Generated by org.testng.reporters.JUnitReportReporter -->
<testsuite hostname="INLEN8520042346" failures="0" tests="2" name="TestNG_DependsOnMethods.Payment_Test" time="0.004" errors="0" timestamp="2025-07-21T19:17:59 IST" skipped="0">
  <testcase classname="TestNG_DependsOnMethods.Payment_Test" name="paymentinRupees" time="0.003"/>
  <system-out/>
  <testcase classname="TestNG_DependsOnMethods.Payment_Test" name="paymentinDollars" time="0.001"/>
  <system-out/>
</testsuite> <!-- TestNG_DependsOnMethods.Payment_Test -->
