<?xml version="1.0" encoding="UTF-8"?>
<!-- Generated by org.testng.reporters.JUnitReportReporter -->
<testsuite hostname="INLEN8520042346" failures="0" tests="2" name="Sselenium_TestNG.Annotations_Demo1" time="0.074" errors="0" timestamp="2025-07-20T22:29:06 IST" skipped="0">
  <testcase classname="Sselenium_TestNG.Annotations_Demo1" name="search" time="0.071"/>
  <system-out/>
  <testcase classname="Sselenium_TestNG.Annotations_Demo1" name="advacedsearch" time="0.003"/>
  <system-out/>
</testsuite> <!-- Sselenium_TestNG.Annotations_Demo1 -->
