<?xml version="1.0" encoding="UTF-8"?>
<!-- Generated by org.testng.reporters.JUnitReportReporter -->
<testsuite hostname="INLEN8520042346" failures="0" tests="2" name="Sselenium_TestNG.All_Annotations" time="0.011" errors="0" timestamp="2025-07-20T23:44:59 IST" skipped="0">
  <testcase classname="Sselenium_TestNG.All_Annotations" name="tm1" time="0.007"/>
  <system-out/>
  <testcase classname="Sselenium_TestNG.All_Annotations" name="tm2" time="0.004"/>
  <system-out/>
</testsuite> <!-- Sselenium_TestNG.All_Annotations -->
