<?xml version="1.0" encoding="UTF-8"?>
<!-- Generated by org.testng.reporters.JUnitReportReporter -->
<testsuite hostname="INLEN8520042346" failures="0" tests="3" name="Sselenium_TestNG.Firstclass" time="0.014" errors="0" timestamp="2025-07-20T17:10:23 IST" skipped="0">
  <testcase classname="Sselenium_TestNG.Firstclass" name="openapp" time="0.011"/>
  <system-out/>
  <testcase classname="Sselenium_TestNG.Firstclass" name="login" time="0.001"/>
  <system-out/>
  <testcase classname="Sselenium_TestNG.Firstclass" name="logout" time="0.002"/>
  <system-out/>
</testsuite> <!-- Sselenium_TestNG.Firstclass -->
