<?xml version="1.0" encoding="UTF-8"?>
<!-- Generated by org.testng.reporters.JUnitReportReporter -->
<testsuite hostname="INLEN8520042346" failures="0" tests="2" name="Sselenium_Testng_Annot.C2" time="0.003" errors="0" timestamp="2025-07-20T23:34:46 IST" skipped="0">
  <testcase classname="Sselenium_Testng_Annot.C2" name="xyz" time="0.001"/>
  <system-out/>
  <testcase classname="Sselenium_Testng_Annot.C2" name="xyz" time="0.002"/>
  <system-out/>
</testsuite> <!-- Sselenium_Testng_Annot.C2 -->
